{"/home/lcsharp/Bluemix_workspaces/horoscope/test/test-getDateAsInteger.js":{"path":"/home/lcsharp/Bluemix_workspaces/horoscope/test/test-getDateAsInteger.js","s":{"1":1,"2":1,"3":1,"4":1,"5":1,"6":0,"7":0,"8":0,"9":0},"b":{},"f":{"1":0,"2":0},"fnMap":{"1":{"name":"(anonymous_1)","line":7,"loc":{"start":{"line":7,"column":29},"end":{"line":7,"column":40}}},"2":{"name":"(anonymous_2)","line":8,"loc":{"start":{"line":8,"column":72},"end":{"line":8,"column":83}}}},"statementMap":{"1":{"start":{"line":1,"column":0},"end":{"line":1,"column":29}},"2":{"start":{"line":2,"column":0},"end":{"line":2,"column":41}},"3":{"start":{"line":3,"column":0},"end":{"line":3,"column":36}},"4":{"start":{"line":5,"column":0},"end":{"line":5,"column":60}},"5":{"start":{"line":7,"column":0},"end":{"line":13,"column":3}},"6":{"start":{"line":8,"column":4},"end":{"line":12,"column":7}},"7":{"start":{"line":9,"column":7},"end":{"line":9,"column":52}},"8":{"start":{"line":10,"column":7},"end":{"line":10,"column":51}},"9":{"start":{"line":11,"column":7},"end":{"line":11,"column":50}}},"branchMap":{}}}